{"/workspaces/dream-android-app/src/lib/algorithms.ts": {"path":"/workspaces/dream-android-app/src/lib/algorithms.ts","all":false,"statementMap":{"6":{"start":{"line":7,"column":0},"end":{"line":7,"column":44}},"40":{"start":{"line":41,"column":0},"end":{"line":41,"column":99}},"41":{"start":{"line":42,"column":0},"end":{"line":42,"column":29}},"42":{"start":{"line":43,"column":0},"end":{"line":43,"column":13}},"43":{"start":{"line":44,"column":0},"end":{"line":44,"column":15}},"44":{"start":{"line":45,"column":0},"end":{"line":45,"column":24}},"45":{"start":{"line":46,"column":0},"end":{"line":46,"column":30}},"46":{"start":{"line":47,"column":0},"end":{"line":47,"column":119}},"47":{"start":{"line":48,"column":0},"end":{"line":48,"column":23}},"48":{"start":{"line":49,"column":0},"end":{"line":49,"column":6}},"49":{"start":{"line":50,"column":0},"end":{"line":50,"column":3}},"51":{"start":{"line":52,"column":0},"end":{"line":52,"column":39}},"52":{"start":{"line":53,"column":0},"end":{"line":53,"column":90}},"53":{"start":{"line":54,"column":0},"end":{"line":54,"column":52}},"54":{"start":{"line":55,"column":0},"end":{"line":55,"column":32}},"55":{"start":{"line":56,"column":0},"end":{"line":56,"column":42}},"58":{"start":{"line":59,"column":0},"end":{"line":59,"column":48}},"59":{"start":{"line":60,"column":0},"end":{"line":60,"column":12}},"60":{"start":{"line":61,"column":0},"end":{"line":61,"column":40}},"61":{"start":{"line":62,"column":0},"end":{"line":62,"column":23}},"62":{"start":{"line":63,"column":0},"end":{"line":63,"column":26}},"63":{"start":{"line":64,"column":0},"end":{"line":64,"column":121}},"64":{"start":{"line":65,"column":0},"end":{"line":65,"column":61}},"65":{"start":{"line":66,"column":0},"end":{"line":66,"column":120}},"66":{"start":{"line":67,"column":0},"end":{"line":67,"column":79}},"68":{"start":{"line":69,"column":0},"end":{"line":69,"column":109}},"70":{"start":{"line":71,"column":0},"end":{"line":71,"column":134}},"71":{"start":{"line":72,"column":0},"end":{"line":72,"column":20}},"72":{"start":{"line":73,"column":0},"end":{"line":73,"column":23}},"73":{"start":{"line":74,"column":0},"end":{"line":74,"column":43}},"74":{"start":{"line":75,"column":0},"end":{"line":75,"column":40}},"75":{"start":{"line":76,"column":0},"end":{"line":76,"column":7}},"76":{"start":{"line":77,"column":0},"end":{"line":77,"column":6}},"77":{"start":{"line":78,"column":0},"end":{"line":78,"column":3}},"80":{"start":{"line":81,"column":0},"end":{"line":81,"column":22}},"81":{"start":{"line":82,"column":0},"end":{"line":82,"column":12}},"82":{"start":{"line":83,"column":0},"end":{"line":83,"column":21}},"83":{"start":{"line":84,"column":0},"end":{"line":84,"column":41}},"84":{"start":{"line":85,"column":0},"end":{"line":85,"column":38}},"85":{"start":{"line":86,"column":0},"end":{"line":86,"column":120}},"86":{"start":{"line":87,"column":0},"end":{"line":87,"column":69}},"87":{"start":{"line":88,"column":0},"end":{"line":88,"column":114}},"92":{"start":{"line":93,"column":0},"end":{"line":93,"column":123}},"93":{"start":{"line":94,"column":0},"end":{"line":94,"column":41}},"94":{"start":{"line":95,"column":0},"end":{"line":95,"column":20}},"95":{"start":{"line":96,"column":0},"end":{"line":96,"column":43}},"96":{"start":{"line":97,"column":0},"end":{"line":97,"column":25}},"97":{"start":{"line":98,"column":0},"end":{"line":98,"column":52}},"98":{"start":{"line":99,"column":0},"end":{"line":99,"column":7}},"99":{"start":{"line":100,"column":0},"end":{"line":100,"column":6}},"100":{"start":{"line":101,"column":0},"end":{"line":101,"column":3}},"103":{"start":{"line":104,"column":0},"end":{"line":104,"column":20}},"104":{"start":{"line":105,"column":0},"end":{"line":105,"column":12}},"105":{"start":{"line":106,"column":0},"end":{"line":106,"column":40}},"106":{"start":{"line":107,"column":0},"end":{"line":107,"column":23}},"107":{"start":{"line":108,"column":0},"end":{"line":108,"column":40}},"108":{"start":{"line":109,"column":0},"end":{"line":109,"column":126}},"109":{"start":{"line":110,"column":0},"end":{"line":110,"column":60}},"110":{"start":{"line":111,"column":0},"end":{"line":111,"column":107}},"114":{"start":{"line":115,"column":0},"end":{"line":115,"column":106}},"117":{"start":{"line":118,"column":0},"end":{"line":118,"column":20}},"118":{"start":{"line":119,"column":0},"end":{"line":119,"column":42}},"119":{"start":{"line":120,"column":0},"end":{"line":120,"column":29}},"120":{"start":{"line":121,"column":0},"end":{"line":121,"column":52}},"121":{"start":{"line":122,"column":0},"end":{"line":122,"column":7}},"122":{"start":{"line":123,"column":0},"end":{"line":123,"column":6}},"123":{"start":{"line":124,"column":0},"end":{"line":124,"column":3}},"125":{"start":{"line":126,"column":0},"end":{"line":126,"column":10}},"126":{"start":{"line":127,"column":0},"end":{"line":127,"column":19}},"127":{"start":{"line":128,"column":0},"end":{"line":128,"column":21}},"128":{"start":{"line":129,"column":0},"end":{"line":129,"column":23}},"129":{"start":{"line":130,"column":0},"end":{"line":130,"column":103}},"130":{"start":{"line":131,"column":0},"end":{"line":131,"column":53}},"131":{"start":{"line":132,"column":0},"end":{"line":132,"column":93}},"135":{"start":{"line":136,"column":0},"end":{"line":136,"column":77}},"137":{"start":{"line":138,"column":0},"end":{"line":138,"column":21}},"138":{"start":{"line":139,"column":0},"end":{"line":139,"column":4}},"139":{"start":{"line":140,"column":0},"end":{"line":140,"column":1}},"146":{"start":{"line":147,"column":0},"end":{"line":147,"column":67}},"147":{"start":{"line":148,"column":0},"end":{"line":148,"column":37}},"149":{"start":{"line":150,"column":0},"end":{"line":150,"column":32}},"150":{"start":{"line":151,"column":0},"end":{"line":151,"column":36}},"151":{"start":{"line":152,"column":0},"end":{"line":152,"column":3}},"153":{"start":{"line":154,"column":0},"end":{"line":154,"column":50}},"154":{"start":{"line":155,"column":0},"end":{"line":155,"column":32}},"157":{"start":{"line":158,"column":0},"end":{"line":158,"column":30}},"158":{"start":{"line":159,"column":0},"end":{"line":159,"column":68}},"159":{"start":{"line":160,"column":0},"end":{"line":160,"column":55}},"160":{"start":{"line":161,"column":0},"end":{"line":161,"column":3}},"162":{"start":{"line":163,"column":0},"end":{"line":163,"column":14}},"163":{"start":{"line":164,"column":0},"end":{"line":164,"column":1}},"169":{"start":{"line":170,"column":0},"end":{"line":170,"column":87}},"170":{"start":{"line":171,"column":0},"end":{"line":171,"column":31}},"171":{"start":{"line":172,"column":0},"end":{"line":172,"column":40}},"172":{"start":{"line":173,"column":0},"end":{"line":173,"column":1}},"178":{"start":{"line":179,"column":0},"end":{"line":179,"column":78}},"181":{"start":{"line":182,"column":0},"end":{"line":182,"column":3}},"182":{"start":{"line":183,"column":0},"end":{"line":183,"column":35}},"183":{"start":{"line":184,"column":0},"end":{"line":184,"column":65}},"184":{"start":{"line":185,"column":0},"end":{"line":185,"column":3}},"186":{"start":{"line":187,"column":0},"end":{"line":187,"column":95}},"188":{"start":{"line":189,"column":0},"end":{"line":189,"column":29}},"189":{"start":{"line":190,"column":0},"end":{"line":190,"column":46}},"190":{"start":{"line":191,"column":0},"end":{"line":191,"column":35}},"191":{"start":{"line":192,"column":0},"end":{"line":192,"column":27}},"192":{"start":{"line":193,"column":0},"end":{"line":193,"column":12}},"193":{"start":{"line":194,"column":0},"end":{"line":194,"column":12}},"194":{"start":{"line":195,"column":0},"end":{"line":195,"column":5}},"195":{"start":{"line":196,"column":0},"end":{"line":196,"column":3}},"197":{"start":{"line":198,"column":0},"end":{"line":198,"column":10}},"198":{"start":{"line":199,"column":0},"end":{"line":199,"column":49}},"199":{"start":{"line":200,"column":0},"end":{"line":200,"column":51}},"200":{"start":{"line":201,"column":0},"end":{"line":201,"column":4}},"201":{"start":{"line":202,"column":0},"end":{"line":202,"column":1}},"211":{"start":{"line":212,"column":0},"end":{"line":212,"column":42}},"212":{"start":{"line":213,"column":0},"end":{"line":213,"column":23}},"213":{"start":{"line":214,"column":0},"end":{"line":214,"column":26}},"217":{"start":{"line":218,"column":0},"end":{"line":218,"column":3}},"218":{"start":{"line":219,"column":0},"end":{"line":219,"column":63}},"219":{"start":{"line":220,"column":0},"end":{"line":220,"column":62}},"220":{"start":{"line":221,"column":0},"end":{"line":221,"column":3}},"222":{"start":{"line":223,"column":0},"end":{"line":223,"column":80}},"223":{"start":{"line":224,"column":0},"end":{"line":224,"column":92}},"226":{"start":{"line":227,"column":0},"end":{"line":227,"column":25}},"227":{"start":{"line":228,"column":0},"end":{"line":228,"column":12}},"228":{"start":{"line":229,"column":0},"end":{"line":229,"column":23}},"229":{"start":{"line":230,"column":0},"end":{"line":230,"column":49}},"230":{"start":{"line":231,"column":0},"end":{"line":231,"column":6}},"231":{"start":{"line":232,"column":0},"end":{"line":232,"column":3}},"234":{"start":{"line":235,"column":0},"end":{"line":235,"column":41}},"235":{"start":{"line":236,"column":0},"end":{"line":236,"column":12}},"236":{"start":{"line":237,"column":0},"end":{"line":237,"column":20}},"237":{"start":{"line":238,"column":0},"end":{"line":238,"column":45}},"238":{"start":{"line":239,"column":0},"end":{"line":239,"column":6}},"239":{"start":{"line":240,"column":0},"end":{"line":240,"column":3}},"241":{"start":{"line":242,"column":0},"end":{"line":242,"column":10}},"242":{"start":{"line":243,"column":0},"end":{"line":243,"column":18}},"243":{"start":{"line":244,"column":0},"end":{"line":244,"column":31}},"244":{"start":{"line":245,"column":0},"end":{"line":245,"column":4}},"245":{"start":{"line":246,"column":0},"end":{"line":246,"column":1}},"250":{"start":{"line":251,"column":0},"end":{"line":251,"column":36}},"251":{"start":{"line":252,"column":0},"end":{"line":252,"column":41}},"252":{"start":{"line":253,"column":0},"end":{"line":253,"column":21}},"253":{"start":{"line":254,"column":0},"end":{"line":254,"column":20}},"254":{"start":{"line":255,"column":0},"end":{"line":255,"column":11}},"255":{"start":{"line":256,"column":0},"end":{"line":256,"column":49}},"257":{"start":{"line":258,"column":0},"end":{"line":258,"column":29}},"260":{"start":{"line":261,"column":0},"end":{"line":261,"column":36}},"261":{"start":{"line":262,"column":0},"end":{"line":262,"column":57}},"262":{"start":{"line":263,"column":0},"end":{"line":263,"column":3}},"265":{"start":{"line":266,"column":0},"end":{"line":266,"column":55}},"266":{"start":{"line":267,"column":0},"end":{"line":267,"column":1}}},"s":{"6":1,"40":1,"41":6,"42":1,"43":1,"44":1,"45":1,"46":1,"47":1,"48":1,"49":1,"51":5,"52":5,"53":5,"54":5,"55":5,"58":6,"59":2,"60":2,"61":2,"62":2,"63":2,"64":2,"65":2,"66":2,"68":2,"70":2,"71":2,"72":2,"73":2,"74":2,"75":2,"76":2,"77":2,"80":6,"81":1,"82":1,"83":1,"84":1,"85":1,"86":1,"87":1,"92":1,"93":1,"94":1,"95":1,"96":1,"97":1,"98":1,"99":1,"100":1,"103":6,"104":1,"105":1,"106":1,"107":1,"108":1,"109":1,"110":1,"114":1,"117":1,"118":1,"119":1,"120":1,"121":1,"122":1,"123":1,"125":1,"126":1,"127":1,"128":1,"129":1,"130":1,"131":1,"135":1,"137":1,"138":1,"139":1,"146":1,"147":18,"149":18,"150":10,"151":10,"153":8,"154":8,"157":18,"158":0,"159":0,"160":0,"162":8,"163":8,"169":1,"170":13,"171":13,"172":13,"178":1,"181":4,"182":4,"183":1,"184":1,"186":3,"188":3,"189":4,"190":5,"191":3,"192":5,"193":2,"194":2,"195":5,"197":3,"198":3,"199":3,"200":3,"201":3,"211":1,"212":4,"213":4,"217":4,"218":4,"219":1,"220":1,"222":3,"223":3,"226":4,"227":1,"228":1,"229":1,"230":1,"231":1,"234":4,"235":1,"236":1,"237":1,"238":1,"239":1,"241":1,"242":1,"243":1,"244":1,"245":1,"250":1,"251":6,"252":6,"253":6,"254":6,"255":6,"257":6,"260":6,"261":2,"262":2,"265":6,"266":6},"branchMap":{"0":{"type":"branch","line":41,"loc":{"start":{"line":41,"column":7},"end":{"line":140,"column":1}},"locations":[{"start":{"line":41,"column":7},"end":{"line":140,"column":1}}]},"1":{"type":"branch","line":42,"loc":{"start":{"line":42,"column":28},"end":{"line":50,"column":3}},"locations":[{"start":{"line":42,"column":28},"end":{"line":50,"column":3}}]},"2":{"type":"branch","line":50,"loc":{"start":{"line":50,"column":2},"end":{"line":59,"column":23}},"locations":[{"start":{"line":50,"column":2},"end":{"line":59,"column":23}}]},"3":{"type":"branch","line":59,"loc":{"start":{"line":59,"column":16},"end":{"line":59,"column":47}},"locations":[{"start":{"line":59,"column":16},"end":{"line":59,"column":47}}]},"4":{"type":"branch","line":59,"loc":{"start":{"line":59,"column":47},"end":{"line":78,"column":3}},"locations":[{"start":{"line":59,"column":47},"end":{"line":78,"column":3}}]},"5":{"type":"branch","line":78,"loc":{"start":{"line":78,"column":2},"end":{"line":81,"column":21}},"locations":[{"start":{"line":78,"column":2},"end":{"line":81,"column":21}}]},"6":{"type":"branch","line":81,"loc":{"start":{"line":81,"column":21},"end":{"line":101,"column":3}},"locations":[{"start":{"line":81,"column":21},"end":{"line":101,"column":3}}]},"7":{"type":"branch","line":101,"loc":{"start":{"line":101,"column":2},"end":{"line":104,"column":19}},"locations":[{"start":{"line":101,"column":2},"end":{"line":104,"column":19}}]},"8":{"type":"branch","line":104,"loc":{"start":{"line":104,"column":19},"end":{"line":140,"column":1}},"locations":[{"start":{"line":104,"column":19},"end":{"line":140,"column":1}}]},"9":{"type":"branch","line":53,"loc":{"start":{"line":53,"column":35},"end":{"line":53,"column":67}},"locations":[{"start":{"line":53,"column":35},"end":{"line":53,"column":67}}]},"10":{"type":"branch","line":147,"loc":{"start":{"line":147,"column":7},"end":{"line":164,"column":1}},"locations":[{"start":{"line":147,"column":7},"end":{"line":164,"column":1}}]},"11":{"type":"branch","line":150,"loc":{"start":{"line":150,"column":31},"end":{"line":152,"column":3}},"locations":[{"start":{"line":150,"column":31},"end":{"line":152,"column":3}}]},"12":{"type":"branch","line":152,"loc":{"start":{"line":152,"column":2},"end":{"line":158,"column":29}},"locations":[{"start":{"line":152,"column":2},"end":{"line":158,"column":29}}]},"13":{"type":"branch","line":158,"loc":{"start":{"line":158,"column":29},"end":{"line":161,"column":3}},"locations":[{"start":{"line":158,"column":29},"end":{"line":161,"column":3}}]},"14":{"type":"branch","line":161,"loc":{"start":{"line":161,"column":2},"end":{"line":164,"column":1}},"locations":[{"start":{"line":161,"column":2},"end":{"line":164,"column":1}}]},"15":{"type":"branch","line":170,"loc":{"start":{"line":170,"column":7},"end":{"line":173,"column":1}},"locations":[{"start":{"line":170,"column":7},"end":{"line":173,"column":1}}]},"16":{"type":"branch","line":179,"loc":{"start":{"line":179,"column":7},"end":{"line":202,"column":1}},"locations":[{"start":{"line":179,"column":7},"end":{"line":202,"column":1}}]},"17":{"type":"branch","line":183,"loc":{"start":{"line":183,"column":34},"end":{"line":185,"column":3}},"locations":[{"start":{"line":183,"column":34},"end":{"line":185,"column":3}}]},"18":{"type":"branch","line":185,"loc":{"start":{"line":185,"column":2},"end":{"line":190,"column":45}},"locations":[{"start":{"line":185,"column":2},"end":{"line":190,"column":45}}]},"19":{"type":"branch","line":190,"loc":{"start":{"line":190,"column":45},"end":{"line":196,"column":3}},"locations":[{"start":{"line":190,"column":45},"end":{"line":196,"column":3}}]},"20":{"type":"branch","line":191,"loc":{"start":{"line":191,"column":34},"end":{"line":193,"column":11}},"locations":[{"start":{"line":191,"column":34},"end":{"line":193,"column":11}}]},"21":{"type":"branch","line":193,"loc":{"start":{"line":193,"column":4},"end":{"line":195,"column":5}},"locations":[{"start":{"line":193,"column":4},"end":{"line":195,"column":5}}]},"22":{"type":"branch","line":196,"loc":{"start":{"line":196,"column":2},"end":{"line":202,"column":1}},"locations":[{"start":{"line":196,"column":2},"end":{"line":202,"column":1}}]},"23":{"type":"branch","line":187,"loc":{"start":{"line":187,"column":28},"end":{"line":187,"column":93}},"locations":[{"start":{"line":187,"column":28},"end":{"line":187,"column":93}}]},"24":{"type":"branch","line":212,"loc":{"start":{"line":212,"column":7},"end":{"line":246,"column":1}},"locations":[{"start":{"line":212,"column":7},"end":{"line":246,"column":1}}]},"25":{"type":"branch","line":219,"loc":{"start":{"line":219,"column":28},"end":{"line":219,"column":62}},"locations":[{"start":{"line":219,"column":28},"end":{"line":219,"column":62}}]},"26":{"type":"branch","line":219,"loc":{"start":{"line":219,"column":62},"end":{"line":221,"column":3}},"locations":[{"start":{"line":219,"column":62},"end":{"line":221,"column":3}}]},"27":{"type":"branch","line":221,"loc":{"start":{"line":221,"column":2},"end":{"line":227,"column":24}},"locations":[{"start":{"line":221,"column":2},"end":{"line":227,"column":24}}]},"28":{"type":"branch","line":227,"loc":{"start":{"line":227,"column":24},"end":{"line":232,"column":3}},"locations":[{"start":{"line":227,"column":24},"end":{"line":232,"column":3}}]},"29":{"type":"branch","line":232,"loc":{"start":{"line":232,"column":2},"end":{"line":235,"column":22}},"locations":[{"start":{"line":232,"column":2},"end":{"line":235,"column":22}}]},"30":{"type":"branch","line":235,"loc":{"start":{"line":235,"column":17},"end":{"line":235,"column":40}},"locations":[{"start":{"line":235,"column":17},"end":{"line":235,"column":40}}]},"31":{"type":"branch","line":235,"loc":{"start":{"line":235,"column":40},"end":{"line":246,"column":1}},"locations":[{"start":{"line":235,"column":40},"end":{"line":246,"column":1}}]},"32":{"type":"branch","line":223,"loc":{"start":{"line":223,"column":36},"end":{"line":223,"column":57}},"locations":[{"start":{"line":223,"column":36},"end":{"line":223,"column":57}}]},"33":{"type":"branch","line":224,"loc":{"start":{"line":224,"column":44},"end":{"line":224,"column":65}},"locations":[{"start":{"line":224,"column":44},"end":{"line":224,"column":65}}]},"34":{"type":"branch","line":251,"loc":{"start":{"line":251,"column":7},"end":{"line":267,"column":1}},"locations":[{"start":{"line":251,"column":7},"end":{"line":267,"column":1}}]},"35":{"type":"branch","line":258,"loc":{"start":{"line":258,"column":20},"end":{"line":258,"column":29}},"locations":[{"start":{"line":258,"column":20},"end":{"line":258,"column":29}}]},"36":{"type":"branch","line":258,"loc":{"start":{"line":258,"column":27},"end":{"line":261,"column":35}},"locations":[{"start":{"line":258,"column":27},"end":{"line":261,"column":35}}]},"37":{"type":"branch","line":261,"loc":{"start":{"line":261,"column":35},"end":{"line":263,"column":3}},"locations":[{"start":{"line":261,"column":35},"end":{"line":263,"column":3}}]},"38":{"type":"branch","line":262,"loc":{"start":{"line":262,"column":25},"end":{"line":262,"column":33}},"locations":[{"start":{"line":262,"column":25},"end":{"line":262,"column":33}}]},"39":{"type":"branch","line":262,"loc":{"start":{"line":262,"column":29},"end":{"line":262,"column":57}},"locations":[{"start":{"line":262,"column":29},"end":{"line":262,"column":57}}]},"40":{"type":"branch","line":262,"loc":{"start":{"line":262,"column":47},"end":{"line":262,"column":55}},"locations":[{"start":{"line":262,"column":47},"end":{"line":262,"column":55}}]},"41":{"type":"branch","line":263,"loc":{"start":{"line":263,"column":2},"end":{"line":266,"column":27}},"locations":[{"start":{"line":263,"column":2},"end":{"line":266,"column":27}}]},"42":{"type":"branch","line":266,"loc":{"start":{"line":266,"column":23},"end":{"line":266,"column":31}},"locations":[{"start":{"line":266,"column":23},"end":{"line":266,"column":31}}]},"43":{"type":"branch","line":266,"loc":{"start":{"line":266,"column":27},"end":{"line":266,"column":55}},"locations":[{"start":{"line":266,"column":27},"end":{"line":266,"column":55}}]},"44":{"type":"branch","line":266,"loc":{"start":{"line":266,"column":45},"end":{"line":266,"column":53}},"locations":[{"start":{"line":266,"column":45},"end":{"line":266,"column":53}}]},"45":{"type":"branch","line":266,"loc":{"start":{"line":266,"column":49},"end":{"line":266,"column":55}},"locations":[{"start":{"line":266,"column":49},"end":{"line":266,"column":55}}]}},"b":{"0":[6],"1":[1],"2":[5],"3":[2],"4":[2],"5":[3],"6":[1],"7":[2],"8":[1],"9":[15],"10":[18],"11":[10],"12":[8],"13":[0],"14":[8],"15":[13],"16":[4],"17":[1],"18":[3],"19":[5],"20":[3],"21":[2],"22":[3],"23":[10],"24":[4],"25":[3],"26":[1],"27":[3],"28":[1],"29":[2],"30":[1],"31":[1],"32":[9],"33":[9],"34":[6],"35":[1],"36":[5],"37":[2],"38":[1],"39":[1],"40":[0],"41":[3],"42":[1],"43":[2],"44":[1],"45":[1]},"fnMap":{"0":{"name":"calculateNextLoad","decl":{"start":{"line":41,"column":7},"end":{"line":140,"column":1}},"loc":{"start":{"line":41,"column":7},"end":{"line":140,"column":1}},"line":41},"1":{"name":"calculateE1RM","decl":{"start":{"line":147,"column":7},"end":{"line":164,"column":1}},"loc":{"start":{"line":147,"column":7},"end":{"line":164,"column":1}},"line":147},"2":{"name":"calculateE1RMWithRIR","decl":{"start":{"line":170,"column":7},"end":{"line":173,"column":1}},"loc":{"start":{"line":170,"column":7},"end":{"line":173,"column":1}},"line":170},"3":{"name":"detectPlateau","decl":{"start":{"line":179,"column":7},"end":{"line":202,"column":1}},"loc":{"start":{"line":179,"column":7},"end":{"line":202,"column":1}},"line":179},"4":{"name":"calculateVolumeAdjustment","decl":{"start":{"line":212,"column":7},"end":{"line":246,"column":1}},"loc":{"start":{"line":212,"column":7},"end":{"line":246,"column":1}},"line":212},"5":{"name":"calculateOptimalRIR","decl":{"start":{"line":251,"column":7},"end":{"line":267,"column":1}},"loc":{"start":{"line":251,"column":7},"end":{"line":267,"column":1}},"line":251}},"f":{"0":6,"1":18,"2":13,"3":4,"4":4,"5":6}}
,"/workspaces/dream-android-app/src/lib/nutrition.ts": {"path":"/workspaces/dream-android-app/src/lib/nutrition.ts","all":false,"statementMap":{"58":{"start":{"line":59,"column":0},"end":{"line":59,"column":65}},"59":{"start":{"line":60,"column":0},"end":{"line":60,"column":62}},"61":{"start":{"line":62,"column":0},"end":{"line":62,"column":66}},"63":{"start":{"line":64,"column":0},"end":{"line":64,"column":34}},"64":{"start":{"line":65,"column":0},"end":{"line":65,"column":23}},"65":{"start":{"line":66,"column":0},"end":{"line":66,"column":10}},"66":{"start":{"line":67,"column":0},"end":{"line":67,"column":25}},"67":{"start":{"line":68,"column":0},"end":{"line":68,"column":3}},"68":{"start":{"line":69,"column":0},"end":{"line":69,"column":1}},"73":{"start":{"line":74,"column":0},"end":{"line":74,"column":66}},"74":{"start":{"line":75,"column":0},"end":{"line":75,"column":36}},"76":{"start":{"line":77,"column":0},"end":{"line":77,"column":31}},"77":{"start":{"line":78,"column":0},"end":{"line":78,"column":51}},"78":{"start":{"line":79,"column":0},"end":{"line":79,"column":52}},"79":{"start":{"line":80,"column":0},"end":{"line":80,"column":52}},"80":{"start":{"line":81,"column":0},"end":{"line":81,"column":52}},"81":{"start":{"line":82,"column":0},"end":{"line":82,"column":59}},"82":{"start":{"line":83,"column":0},"end":{"line":83,"column":4}},"84":{"start":{"line":85,"column":0},"end":{"line":85,"column":71}},"85":{"start":{"line":86,"column":0},"end":{"line":86,"column":1}},"90":{"start":{"line":91,"column":0},"end":{"line":91,"column":98}},"91":{"start":{"line":92,"column":0},"end":{"line":92,"column":36}},"92":{"start":{"line":93,"column":0},"end":{"line":93,"column":38}},"95":{"start":{"line":96,"column":0},"end":{"line":96,"column":29}},"96":{"start":{"line":97,"column":0},"end":{"line":97,"column":31}},"97":{"start":{"line":98,"column":0},"end":{"line":98,"column":61}},"98":{"start":{"line":99,"column":0},"end":{"line":99,"column":39}},"99":{"start":{"line":100,"column":0},"end":{"line":100,"column":61}},"100":{"start":{"line":101,"column":0},"end":{"line":101,"column":10}},"101":{"start":{"line":102,"column":0},"end":{"line":102,"column":41}},"102":{"start":{"line":103,"column":0},"end":{"line":103,"column":3}},"106":{"start":{"line":107,"column":0},"end":{"line":107,"column":27}},"107":{"start":{"line":108,"column":0},"end":{"line":108,"column":31}},"108":{"start":{"line":109,"column":0},"end":{"line":109,"column":23}},"109":{"start":{"line":110,"column":0},"end":{"line":110,"column":39}},"110":{"start":{"line":111,"column":0},"end":{"line":111,"column":23}},"111":{"start":{"line":112,"column":0},"end":{"line":112,"column":10}},"112":{"start":{"line":113,"column":0},"end":{"line":113,"column":23}},"113":{"start":{"line":114,"column":0},"end":{"line":114,"column":3}},"115":{"start":{"line":116,"column":0},"end":{"line":116,"column":70}},"117":{"start":{"line":118,"column":0},"end":{"line":118,"column":10}},"118":{"start":{"line":119,"column":0},"end":{"line":119,"column":8}},"119":{"start":{"line":120,"column":0},"end":{"line":120,"column":9}},"120":{"start":{"line":121,"column":0},"end":{"line":121,"column":19}},"121":{"start":{"line":122,"column":0},"end":{"line":122,"column":18}},"122":{"start":{"line":123,"column":0},"end":{"line":123,"column":17}},"123":{"start":{"line":124,"column":0},"end":{"line":124,"column":4}},"124":{"start":{"line":125,"column":0},"end":{"line":125,"column":1}},"129":{"start":{"line":130,"column":0},"end":{"line":130,"column":43}},"130":{"start":{"line":131,"column":0},"end":{"line":131,"column":28}},"131":{"start":{"line":132,"column":0},"end":{"line":132,"column":37}},"132":{"start":{"line":133,"column":0},"end":{"line":133,"column":24}},"133":{"start":{"line":134,"column":0},"end":{"line":134,"column":29}},"134":{"start":{"line":135,"column":0},"end":{"line":135,"column":12}},"135":{"start":{"line":136,"column":0},"end":{"line":136,"column":27}},"136":{"start":{"line":137,"column":0},"end":{"line":137,"column":27}},"137":{"start":{"line":138,"column":0},"end":{"line":138,"column":21}},"138":{"start":{"line":139,"column":0},"end":{"line":139,"column":20}},"139":{"start":{"line":140,"column":0},"end":{"line":140,"column":26}},"140":{"start":{"line":141,"column":0},"end":{"line":141,"column":25}},"141":{"start":{"line":142,"column":0},"end":{"line":142,"column":53}},"142":{"start":{"line":143,"column":0},"end":{"line":143,"column":6}},"143":{"start":{"line":144,"column":0},"end":{"line":144,"column":3}},"145":{"start":{"line":146,"column":0},"end":{"line":146,"column":87}},"146":{"start":{"line":147,"column":0},"end":{"line":147,"column":85}},"148":{"start":{"line":149,"column":0},"end":{"line":149,"column":61}},"149":{"start":{"line":150,"column":0},"end":{"line":150,"column":43}},"150":{"start":{"line":151,"column":0},"end":{"line":151,"column":81}},"151":{"start":{"line":152,"column":0},"end":{"line":152,"column":11}},"154":{"start":{"line":155,"column":0},"end":{"line":155,"column":78}},"155":{"start":{"line":156,"column":0},"end":{"line":156,"column":76}},"157":{"start":{"line":158,"column":0},"end":{"line":158,"column":30}},"160":{"start":{"line":161,"column":0},"end":{"line":161,"column":31}},"161":{"start":{"line":162,"column":0},"end":{"line":162,"column":147}},"162":{"start":{"line":163,"column":0},"end":{"line":163,"column":3}},"164":{"start":{"line":165,"column":0},"end":{"line":165,"column":31}},"165":{"start":{"line":166,"column":0},"end":{"line":166,"column":130}},"166":{"start":{"line":167,"column":0},"end":{"line":167,"column":3}},"168":{"start":{"line":169,"column":0},"end":{"line":169,"column":32}},"169":{"start":{"line":170,"column":0},"end":{"line":170,"column":127}},"170":{"start":{"line":171,"column":0},"end":{"line":171,"column":3}},"173":{"start":{"line":174,"column":0},"end":{"line":174,"column":58}},"174":{"start":{"line":175,"column":0},"end":{"line":175,"column":116}},"175":{"start":{"line":176,"column":0},"end":{"line":176,"column":3}},"177":{"start":{"line":178,"column":0},"end":{"line":178,"column":58}},"178":{"start":{"line":179,"column":0},"end":{"line":179,"column":97}},"179":{"start":{"line":180,"column":0},"end":{"line":180,"column":3}},"181":{"start":{"line":182,"column":0},"end":{"line":182,"column":60}},"182":{"start":{"line":183,"column":0},"end":{"line":183,"column":73}},"183":{"start":{"line":184,"column":0},"end":{"line":184,"column":3}},"186":{"start":{"line":187,"column":0},"end":{"line":187,"column":87}},"187":{"start":{"line":188,"column":0},"end":{"line":188,"column":53}},"188":{"start":{"line":189,"column":0},"end":{"line":189,"column":3}},"191":{"start":{"line":192,"column":0},"end":{"line":192,"column":53}},"192":{"start":{"line":193,"column":0},"end":{"line":193,"column":84}},"193":{"start":{"line":194,"column":0},"end":{"line":194,"column":24}},"194":{"start":{"line":195,"column":0},"end":{"line":195,"column":91}},"195":{"start":{"line":196,"column":0},"end":{"line":196,"column":25}},"196":{"start":{"line":197,"column":0},"end":{"line":197,"column":10}},"197":{"start":{"line":198,"column":0},"end":{"line":198,"column":25}},"198":{"start":{"line":199,"column":0},"end":{"line":199,"column":3}},"200":{"start":{"line":201,"column":0},"end":{"line":201,"column":10}},"201":{"start":{"line":202,"column":0},"end":{"line":202,"column":22}},"202":{"start":{"line":203,"column":0},"end":{"line":203,"column":22}},"203":{"start":{"line":204,"column":0},"end":{"line":204,"column":41}},"204":{"start":{"line":205,"column":0},"end":{"line":205,"column":39}},"205":{"start":{"line":206,"column":0},"end":{"line":206,"column":18}},"206":{"start":{"line":207,"column":0},"end":{"line":207,"column":11}},"207":{"start":{"line":208,"column":0},"end":{"line":208,"column":11}},"208":{"start":{"line":209,"column":0},"end":{"line":209,"column":4}},"209":{"start":{"line":210,"column":0},"end":{"line":210,"column":1}},"216":{"start":{"line":217,"column":0},"end":{"line":217,"column":41}},"217":{"start":{"line":218,"column":0},"end":{"line":218,"column":49}},"218":{"start":{"line":219,"column":0},"end":{"line":219,"column":36}},"219":{"start":{"line":220,"column":0},"end":{"line":220,"column":25}},"223":{"start":{"line":224,"column":0},"end":{"line":224,"column":3}},"224":{"start":{"line":225,"column":0},"end":{"line":225,"column":28}},"225":{"start":{"line":226,"column":0},"end":{"line":226,"column":12}},"226":{"start":{"line":227,"column":0},"end":{"line":227,"column":20}},"227":{"start":{"line":228,"column":0},"end":{"line":228,"column":74}},"228":{"start":{"line":229,"column":0},"end":{"line":229,"column":6}},"229":{"start":{"line":230,"column":0},"end":{"line":230,"column":3}},"232":{"start":{"line":233,"column":0},"end":{"line":233,"column":83}},"233":{"start":{"line":234,"column":0},"end":{"line":234,"column":43}},"234":{"start":{"line":235,"column":0},"end":{"line":235,"column":58}},"235":{"start":{"line":236,"column":0},"end":{"line":236,"column":114}},"237":{"start":{"line":238,"column":0},"end":{"line":238,"column":18}},"238":{"start":{"line":239,"column":0},"end":{"line":239,"column":12}},"239":{"start":{"line":240,"column":0},"end":{"line":240,"column":20}},"240":{"start":{"line":241,"column":0},"end":{"line":241,"column":76}},"241":{"start":{"line":242,"column":0},"end":{"line":242,"column":6}},"242":{"start":{"line":243,"column":0},"end":{"line":243,"column":3}},"244":{"start":{"line":245,"column":0},"end":{"line":245,"column":48}},"245":{"start":{"line":246,"column":0},"end":{"line":246,"column":44}},"246":{"start":{"line":247,"column":0},"end":{"line":247,"column":59}},"248":{"start":{"line":249,"column":0},"end":{"line":249,"column":24}},"249":{"start":{"line":250,"column":0},"end":{"line":250,"column":52}},"250":{"start":{"line":251,"column":0},"end":{"line":251,"column":51}},"252":{"start":{"line":253,"column":0},"end":{"line":253,"column":35}},"253":{"start":{"line":254,"column":0},"end":{"line":254,"column":14}},"254":{"start":{"line":255,"column":0},"end":{"line":255,"column":24}},"255":{"start":{"line":256,"column":0},"end":{"line":256,"column":102}},"256":{"start":{"line":257,"column":0},"end":{"line":257,"column":8}},"257":{"start":{"line":258,"column":0},"end":{"line":258,"column":42}},"258":{"start":{"line":259,"column":0},"end":{"line":259,"column":14}},"259":{"start":{"line":260,"column":0},"end":{"line":260,"column":25}},"260":{"start":{"line":261,"column":0},"end":{"line":261,"column":97}},"261":{"start":{"line":262,"column":0},"end":{"line":262,"column":8}},"262":{"start":{"line":263,"column":0},"end":{"line":263,"column":12}},"263":{"start":{"line":264,"column":0},"end":{"line":264,"column":14}},"264":{"start":{"line":265,"column":0},"end":{"line":265,"column":22}},"265":{"start":{"line":266,"column":0},"end":{"line":266,"column":95}},"266":{"start":{"line":267,"column":0},"end":{"line":267,"column":8}},"267":{"start":{"line":268,"column":0},"end":{"line":268,"column":5}},"268":{"start":{"line":269,"column":0},"end":{"line":269,"column":30}},"269":{"start":{"line":270,"column":0},"end":{"line":270,"column":50}},"270":{"start":{"line":271,"column":0},"end":{"line":271,"column":52}},"272":{"start":{"line":273,"column":0},"end":{"line":273,"column":35}},"273":{"start":{"line":274,"column":0},"end":{"line":274,"column":14}},"274":{"start":{"line":275,"column":0},"end":{"line":275,"column":25}},"275":{"start":{"line":276,"column":0},"end":{"line":276,"column":100}},"276":{"start":{"line":277,"column":0},"end":{"line":277,"column":8}},"277":{"start":{"line":278,"column":0},"end":{"line":278,"column":42}},"278":{"start":{"line":279,"column":0},"end":{"line":279,"column":14}},"279":{"start":{"line":280,"column":0},"end":{"line":280,"column":24}},"280":{"start":{"line":281,"column":0},"end":{"line":281,"column":97}},"281":{"start":{"line":282,"column":0},"end":{"line":282,"column":8}},"282":{"start":{"line":283,"column":0},"end":{"line":283,"column":12}},"283":{"start":{"line":284,"column":0},"end":{"line":284,"column":14}},"284":{"start":{"line":285,"column":0},"end":{"line":285,"column":22}},"285":{"start":{"line":286,"column":0},"end":{"line":286,"column":94}},"286":{"start":{"line":287,"column":0},"end":{"line":287,"column":8}},"287":{"start":{"line":288,"column":0},"end":{"line":288,"column":5}},"288":{"start":{"line":289,"column":0},"end":{"line":289,"column":10}},"290":{"start":{"line":291,"column":0},"end":{"line":291,"column":41}},"291":{"start":{"line":292,"column":0},"end":{"line":292,"column":54}},"292":{"start":{"line":293,"column":0},"end":{"line":293,"column":14}},"293":{"start":{"line":294,"column":0},"end":{"line":294,"column":30}},"294":{"start":{"line":295,"column":0},"end":{"line":295,"column":99}},"295":{"start":{"line":296,"column":0},"end":{"line":296,"column":8}},"296":{"start":{"line":297,"column":0},"end":{"line":297,"column":12}},"297":{"start":{"line":298,"column":0},"end":{"line":298,"column":14}},"298":{"start":{"line":299,"column":0},"end":{"line":299,"column":22}},"299":{"start":{"line":300,"column":0},"end":{"line":300,"column":58}},"300":{"start":{"line":301,"column":0},"end":{"line":301,"column":8}},"301":{"start":{"line":302,"column":0},"end":{"line":302,"column":5}},"302":{"start":{"line":303,"column":0},"end":{"line":303,"column":3}},"303":{"start":{"line":304,"column":0},"end":{"line":304,"column":1}}},"s":{"58":1,"59":10,"61":10,"63":10,"64":7,"65":10,"66":3,"67":3,"68":10,"73":1,"74":5,"76":5,"77":5,"78":5,"79":5,"80":5,"81":5,"82":5,"84":5,"85":5,"90":1,"91":3,"92":3,"95":3,"96":3,"97":1,"98":3,"99":1,"100":1,"101":1,"102":1,"106":3,"107":3,"108":1,"109":3,"110":1,"111":1,"112":1,"113":1,"115":3,"117":3,"118":3,"119":3,"120":3,"121":3,"122":3,"123":3,"124":3,"129":1,"130":4,"131":4,"132":4,"133":4,"134":0,"135":0,"136":0,"137":0,"138":0,"139":0,"140":0,"141":0,"142":0,"143":0,"145":4,"146":4,"148":4,"149":4,"150":0,"151":4,"154":4,"155":4,"157":4,"160":4,"161":1,"162":1,"164":4,"165":1,"166":1,"168":4,"169":1,"170":1,"173":4,"174":0,"175":0,"177":4,"178":0,"179":0,"181":4,"182":0,"183":0,"186":4,"187":1,"188":1,"191":4,"192":4,"193":3,"194":4,"195":0,"196":1,"197":1,"198":1,"200":4,"201":4,"202":4,"203":4,"204":4,"205":4,"206":4,"207":4,"208":4,"209":4,"216":1,"217":5,"218":5,"219":5,"223":5,"224":5,"225":0,"226":0,"227":0,"228":0,"229":0,"232":5,"233":5,"234":5,"235":5,"237":5,"238":0,"239":0,"240":0,"241":0,"242":0,"244":5,"245":5,"246":5,"248":5,"249":1,"250":1,"252":1,"253":1,"254":1,"255":1,"256":1,"257":1,"258":0,"259":0,"260":0,"261":0,"262":0,"263":0,"264":0,"265":0,"266":0,"267":0,"268":5,"269":2,"270":2,"272":2,"273":1,"274":1,"275":1,"276":1,"277":1,"278":0,"279":0,"280":0,"281":0,"282":1,"283":1,"284":1,"285":1,"286":1,"287":1,"288":2,"290":2,"291":1,"292":1,"293":1,"294":1,"295":1,"296":1,"297":1,"298":1,"299":1,"300":1,"301":1,"302":2,"303":5},"branchMap":{"0":{"type":"branch","line":59,"loc":{"start":{"line":59,"column":7},"end":{"line":69,"column":1}},"locations":[{"start":{"line":59,"column":7},"end":{"line":69,"column":1}}]},"1":{"type":"branch","line":64,"loc":{"start":{"line":64,"column":33},"end":{"line":66,"column":9}},"locations":[{"start":{"line":64,"column":33},"end":{"line":66,"column":9}}]},"2":{"type":"branch","line":66,"loc":{"start":{"line":66,"column":2},"end":{"line":68,"column":3}},"locations":[{"start":{"line":66,"column":2},"end":{"line":68,"column":3}}]},"3":{"type":"branch","line":74,"loc":{"start":{"line":74,"column":7},"end":{"line":86,"column":1}},"locations":[{"start":{"line":74,"column":7},"end":{"line":86,"column":1}}]},"4":{"type":"branch","line":91,"loc":{"start":{"line":91,"column":7},"end":{"line":125,"column":1}},"locations":[{"start":{"line":91,"column":7},"end":{"line":125,"column":1}}]},"5":{"type":"branch","line":97,"loc":{"start":{"line":97,"column":30},"end":{"line":99,"column":13}},"locations":[{"start":{"line":97,"column":30},"end":{"line":99,"column":13}}]},"6":{"type":"branch","line":99,"loc":{"start":{"line":99,"column":2},"end":{"line":103,"column":3}},"locations":[{"start":{"line":99,"column":2},"end":{"line":103,"column":3}}]},"7":{"type":"branch","line":99,"loc":{"start":{"line":99,"column":38},"end":{"line":103,"column":3}},"locations":[{"start":{"line":99,"column":38},"end":{"line":103,"column":3}}]},"8":{"type":"branch","line":108,"loc":{"start":{"line":108,"column":30},"end":{"line":110,"column":13}},"locations":[{"start":{"line":108,"column":30},"end":{"line":110,"column":13}}]},"9":{"type":"branch","line":110,"loc":{"start":{"line":110,"column":2},"end":{"line":114,"column":3}},"locations":[{"start":{"line":110,"column":2},"end":{"line":114,"column":3}}]},"10":{"type":"branch","line":110,"loc":{"start":{"line":110,"column":38},"end":{"line":114,"column":3}},"locations":[{"start":{"line":110,"column":38},"end":{"line":114,"column":3}}]},"11":{"type":"branch","line":130,"loc":{"start":{"line":130,"column":7},"end":{"line":210,"column":1}},"locations":[{"start":{"line":130,"column":7},"end":{"line":210,"column":1}}]},"12":{"type":"branch","line":134,"loc":{"start":{"line":134,"column":28},"end":{"line":144,"column":3}},"locations":[{"start":{"line":134,"column":28},"end":{"line":144,"column":3}}]},"13":{"type":"branch","line":150,"loc":{"start":{"line":150,"column":42},"end":{"line":151,"column":81}},"locations":[{"start":{"line":150,"column":42},"end":{"line":151,"column":81}}]},"14":{"type":"branch","line":161,"loc":{"start":{"line":161,"column":30},"end":{"line":163,"column":3}},"locations":[{"start":{"line":161,"column":30},"end":{"line":163,"column":3}}]},"15":{"type":"branch","line":165,"loc":{"start":{"line":165,"column":30},"end":{"line":167,"column":3}},"locations":[{"start":{"line":165,"column":30},"end":{"line":167,"column":3}}]},"16":{"type":"branch","line":169,"loc":{"start":{"line":169,"column":31},"end":{"line":171,"column":3}},"locations":[{"start":{"line":169,"column":31},"end":{"line":171,"column":3}}]},"17":{"type":"branch","line":174,"loc":{"start":{"line":174,"column":27},"end":{"line":174,"column":57}},"locations":[{"start":{"line":174,"column":27},"end":{"line":174,"column":57}}]},"18":{"type":"branch","line":174,"loc":{"start":{"line":174,"column":57},"end":{"line":176,"column":3}},"locations":[{"start":{"line":174,"column":57},"end":{"line":176,"column":3}}]},"19":{"type":"branch","line":178,"loc":{"start":{"line":178,"column":27},"end":{"line":178,"column":57}},"locations":[{"start":{"line":178,"column":27},"end":{"line":178,"column":57}}]},"20":{"type":"branch","line":178,"loc":{"start":{"line":178,"column":57},"end":{"line":180,"column":3}},"locations":[{"start":{"line":178,"column":57},"end":{"line":180,"column":3}}]},"21":{"type":"branch","line":182,"loc":{"start":{"line":182,"column":26},"end":{"line":182,"column":59}},"locations":[{"start":{"line":182,"column":26},"end":{"line":182,"column":59}}]},"22":{"type":"branch","line":182,"loc":{"start":{"line":182,"column":59},"end":{"line":184,"column":3}},"locations":[{"start":{"line":182,"column":59},"end":{"line":184,"column":3}}]},"23":{"type":"branch","line":187,"loc":{"start":{"line":187,"column":27},"end":{"line":187,"column":60}},"locations":[{"start":{"line":187,"column":27},"end":{"line":187,"column":60}}]},"24":{"type":"branch","line":187,"loc":{"start":{"line":187,"column":54},"end":{"line":187,"column":86}},"locations":[{"start":{"line":187,"column":54},"end":{"line":187,"column":86}}]},"25":{"type":"branch","line":187,"loc":{"start":{"line":187,"column":86},"end":{"line":189,"column":3}},"locations":[{"start":{"line":187,"column":86},"end":{"line":189,"column":3}}]},"26":{"type":"branch","line":193,"loc":{"start":{"line":193,"column":26},"end":{"line":193,"column":58}},"locations":[{"start":{"line":193,"column":26},"end":{"line":193,"column":58}}]},"27":{"type":"branch","line":193,"loc":{"start":{"line":193,"column":52},"end":{"line":193,"column":83}},"locations":[{"start":{"line":193,"column":52},"end":{"line":193,"column":83}}]},"28":{"type":"branch","line":193,"loc":{"start":{"line":193,"column":83},"end":{"line":195,"column":13}},"locations":[{"start":{"line":193,"column":83},"end":{"line":195,"column":13}}]},"29":{"type":"branch","line":195,"loc":{"start":{"line":195,"column":2},"end":{"line":199,"column":3}},"locations":[{"start":{"line":195,"column":2},"end":{"line":199,"column":3}}]},"30":{"type":"branch","line":195,"loc":{"start":{"line":195,"column":90},"end":{"line":197,"column":9}},"locations":[{"start":{"line":195,"column":90},"end":{"line":197,"column":9}}]},"31":{"type":"branch","line":146,"loc":{"start":{"line":146,"column":37},"end":{"line":146,"column":67}},"locations":[{"start":{"line":146,"column":37},"end":{"line":146,"column":67}}]},"32":{"type":"branch","line":147,"loc":{"start":{"line":147,"column":36},"end":{"line":147,"column":65}},"locations":[{"start":{"line":147,"column":36},"end":{"line":147,"column":65}}]},"33":{"type":"branch","line":149,"loc":{"start":{"line":149,"column":34},"end":{"line":149,"column":59}},"locations":[{"start":{"line":149,"column":34},"end":{"line":149,"column":59}}]},"34":{"type":"branch","line":217,"loc":{"start":{"line":217,"column":7},"end":{"line":304,"column":1}},"locations":[{"start":{"line":217,"column":7},"end":{"line":304,"column":1}}]},"35":{"type":"branch","line":225,"loc":{"start":{"line":225,"column":27},"end":{"line":230,"column":3}},"locations":[{"start":{"line":225,"column":27},"end":{"line":230,"column":3}}]},"36":{"type":"branch","line":238,"loc":{"start":{"line":238,"column":17},"end":{"line":243,"column":3}},"locations":[{"start":{"line":238,"column":17},"end":{"line":243,"column":3}}]},"37":{"type":"branch","line":249,"loc":{"start":{"line":249,"column":23},"end":{"line":269,"column":13}},"locations":[{"start":{"line":249,"column":23},"end":{"line":269,"column":13}}]},"38":{"type":"branch","line":258,"loc":{"start":{"line":258,"column":4},"end":{"line":268,"column":5}},"locations":[{"start":{"line":258,"column":4},"end":{"line":268,"column":5}}]},"39":{"type":"branch","line":269,"loc":{"start":{"line":269,"column":2},"end":{"line":303,"column":3}},"locations":[{"start":{"line":269,"column":2},"end":{"line":303,"column":3}}]},"40":{"type":"branch","line":269,"loc":{"start":{"line":269,"column":29},"end":{"line":303,"column":3}},"locations":[{"start":{"line":269,"column":29},"end":{"line":303,"column":3}}]},"41":{"type":"branch","line":273,"loc":{"start":{"line":273,"column":34},"end":{"line":288,"column":5}},"locations":[{"start":{"line":273,"column":34},"end":{"line":288,"column":5}}]},"42":{"type":"branch","line":278,"loc":{"start":{"line":278,"column":41},"end":{"line":283,"column":11}},"locations":[{"start":{"line":278,"column":41},"end":{"line":283,"column":11}}]},"43":{"type":"branch","line":291,"loc":{"start":{"line":291,"column":40},"end":{"line":302,"column":5}},"locations":[{"start":{"line":291,"column":40},"end":{"line":302,"column":5}}]},"44":{"type":"branch","line":292,"loc":{"start":{"line":292,"column":43},"end":{"line":292,"column":54}},"locations":[{"start":{"line":292,"column":43},"end":{"line":292,"column":54}}]},"45":{"type":"branch","line":233,"loc":{"start":{"line":233,"column":36},"end":{"line":233,"column":81}},"locations":[{"start":{"line":233,"column":36},"end":{"line":233,"column":81}}]}},"b":{"0":[10],"1":[7],"2":[3],"3":[5],"4":[3],"5":[1],"6":[2],"7":[1],"8":[1],"9":[2],"10":[1],"11":[4],"12":[0],"13":[0],"14":[1],"15":[1],"16":[1],"17":[3],"18":[0],"19":[3],"20":[0],"21":[1],"22":[0],"23":[3],"24":[2],"25":[1],"26":[3],"27":[2],"28":[3],"29":[1],"30":[0],"31":[9],"32":[9],"33":[9],"34":[5],"35":[0],"36":[0],"37":[1],"38":[0],"39":[4],"40":[2],"41":[1],"42":[0],"43":[1],"44":[0],"45":[5]},"fnMap":{"0":{"name":"calculateBMR","decl":{"start":{"line":59,"column":7},"end":{"line":69,"column":1}},"loc":{"start":{"line":59,"column":7},"end":{"line":69,"column":1}},"line":59},"1":{"name":"calculateTDEE","decl":{"start":{"line":74,"column":7},"end":{"line":86,"column":1}},"loc":{"start":{"line":74,"column":7},"end":{"line":86,"column":1}},"line":74},"2":{"name":"calculateNutritionRequirements","decl":{"start":{"line":91,"column":7},"end":{"line":125,"column":1}},"loc":{"start":{"line":91,"column":7},"end":{"line":125,"column":1}},"line":91},"3":{"name":"analyzeNutritionCompliance","decl":{"start":{"line":130,"column":7},"end":{"line":210,"column":1}},"loc":{"start":{"line":130,"column":7},"end":{"line":210,"column":1}},"line":130},"4":{"name":"suggestCalorieAdjustment","decl":{"start":{"line":217,"column":7},"end":{"line":304,"column":1}},"loc":{"start":{"line":217,"column":7},"end":{"line":304,"column":1}},"line":217}},"f":{"0":10,"1":5,"2":3,"3":4,"4":5}}
,"/workspaces/dream-android-app/src/lib/recovery.ts": {"path":"/workspaces/dream-android-app/src/lib/recovery.ts","all":false,"statementMap":{"49":{"start":{"line":50,"column":0},"end":{"line":50,"column":79}},"50":{"start":{"line":51,"column":0},"end":{"line":51,"column":18}},"51":{"start":{"line":52,"column":0},"end":{"line":52,"column":21}},"52":{"start":{"line":53,"column":0},"end":{"line":53,"column":13}},"53":{"start":{"line":54,"column":0},"end":{"line":54,"column":11}},"54":{"start":{"line":55,"column":0},"end":{"line":55,"column":17}},"55":{"start":{"line":56,"column":0},"end":{"line":56,"column":16}},"56":{"start":{"line":57,"column":0},"end":{"line":57,"column":17}},"57":{"start":{"line":58,"column":0},"end":{"line":58,"column":4}},"58":{"start":{"line":59,"column":0},"end":{"line":59,"column":39}},"61":{"start":{"line":62,"column":0},"end":{"line":62,"column":30}},"62":{"start":{"line":63,"column":0},"end":{"line":63,"column":26}},"63":{"start":{"line":64,"column":0},"end":{"line":64,"column":16}},"64":{"start":{"line":65,"column":0},"end":{"line":65,"column":90}},"65":{"start":{"line":66,"column":0},"end":{"line":66,"column":37}},"66":{"start":{"line":67,"column":0},"end":{"line":67,"column":26}},"67":{"start":{"line":68,"column":0},"end":{"line":68,"column":16}},"68":{"start":{"line":69,"column":0},"end":{"line":69,"column":84}},"69":{"start":{"line":70,"column":0},"end":{"line":70,"column":64}},"70":{"start":{"line":71,"column":0},"end":{"line":71,"column":24}},"71":{"start":{"line":72,"column":0},"end":{"line":72,"column":37}},"72":{"start":{"line":73,"column":0},"end":{"line":73,"column":25}},"73":{"start":{"line":74,"column":0},"end":{"line":74,"column":15}},"74":{"start":{"line":75,"column":0},"end":{"line":75,"column":102}},"75":{"start":{"line":76,"column":0},"end":{"line":76,"column":3}},"78":{"start":{"line":79,"column":0},"end":{"line":79,"column":27}},"79":{"start":{"line":80,"column":0},"end":{"line":80,"column":24}},"80":{"start":{"line":81,"column":0},"end":{"line":81,"column":16}},"81":{"start":{"line":82,"column":0},"end":{"line":82,"column":98}},"82":{"start":{"line":83,"column":0},"end":{"line":83,"column":34}},"83":{"start":{"line":84,"column":0},"end":{"line":84,"column":24}},"84":{"start":{"line":85,"column":0},"end":{"line":85,"column":16}},"85":{"start":{"line":86,"column":0},"end":{"line":86,"column":78}},"86":{"start":{"line":87,"column":0},"end":{"line":87,"column":10}},"87":{"start":{"line":88,"column":0},"end":{"line":88,"column":22}},"88":{"start":{"line":89,"column":0},"end":{"line":89,"column":3}},"91":{"start":{"line":92,"column":0},"end":{"line":92,"column":30}},"92":{"start":{"line":93,"column":0},"end":{"line":93,"column":30}},"93":{"start":{"line":94,"column":0},"end":{"line":94,"column":16}},"94":{"start":{"line":95,"column":0},"end":{"line":95,"column":87}},"95":{"start":{"line":96,"column":0},"end":{"line":96,"column":37}},"96":{"start":{"line":97,"column":0},"end":{"line":97,"column":29}},"97":{"start":{"line":98,"column":0},"end":{"line":98,"column":15}},"98":{"start":{"line":99,"column":0},"end":{"line":99,"column":10}},"99":{"start":{"line":100,"column":0},"end":{"line":100,"column":28}},"100":{"start":{"line":101,"column":0},"end":{"line":101,"column":3}},"103":{"start":{"line":104,"column":0},"end":{"line":104,"column":32}},"104":{"start":{"line":105,"column":0},"end":{"line":105,"column":29}},"105":{"start":{"line":106,"column":0},"end":{"line":106,"column":16}},"106":{"start":{"line":107,"column":0},"end":{"line":107,"column":86}},"107":{"start":{"line":108,"column":0},"end":{"line":108,"column":39}},"108":{"start":{"line":109,"column":0},"end":{"line":109,"column":29}},"109":{"start":{"line":110,"column":0},"end":{"line":110,"column":16}},"110":{"start":{"line":111,"column":0},"end":{"line":111,"column":83}},"111":{"start":{"line":112,"column":0},"end":{"line":112,"column":38}},"112":{"start":{"line":113,"column":0},"end":{"line":113,"column":28}},"113":{"start":{"line":114,"column":0},"end":{"line":114,"column":15}},"114":{"start":{"line":115,"column":0},"end":{"line":115,"column":98}},"115":{"start":{"line":116,"column":0},"end":{"line":116,"column":10}},"116":{"start":{"line":117,"column":0},"end":{"line":117,"column":27}},"117":{"start":{"line":118,"column":0},"end":{"line":118,"column":3}},"120":{"start":{"line":121,"column":0},"end":{"line":121,"column":30}},"121":{"start":{"line":122,"column":0},"end":{"line":122,"column":30}},"122":{"start":{"line":123,"column":0},"end":{"line":123,"column":16}},"123":{"start":{"line":124,"column":0},"end":{"line":124,"column":92}},"124":{"start":{"line":125,"column":0},"end":{"line":125,"column":37}},"125":{"start":{"line":126,"column":0},"end":{"line":126,"column":29}},"126":{"start":{"line":127,"column":0},"end":{"line":127,"column":15}},"127":{"start":{"line":128,"column":0},"end":{"line":128,"column":10}},"128":{"start":{"line":129,"column":0},"end":{"line":129,"column":28}},"129":{"start":{"line":130,"column":0},"end":{"line":130,"column":3}},"132":{"start":{"line":133,"column":0},"end":{"line":133,"column":44}},"135":{"start":{"line":136,"column":0},"end":{"line":136,"column":45}},"136":{"start":{"line":137,"column":0},"end":{"line":137,"column":20}},"137":{"start":{"line":138,"column":0},"end":{"line":138,"column":22}},"138":{"start":{"line":139,"column":0},"end":{"line":139,"column":27}},"139":{"start":{"line":140,"column":0},"end":{"line":140,"column":26}},"140":{"start":{"line":141,"column":0},"end":{"line":141,"column":96}},"141":{"start":{"line":142,"column":0},"end":{"line":142,"column":10}},"142":{"start":{"line":143,"column":0},"end":{"line":143,"column":22}},"143":{"start":{"line":144,"column":0},"end":{"line":144,"column":102}},"144":{"start":{"line":145,"column":0},"end":{"line":145,"column":3}},"146":{"start":{"line":147,"column":0},"end":{"line":147,"column":10}},"147":{"start":{"line":148,"column":0},"end":{"line":148,"column":10}},"148":{"start":{"line":149,"column":0},"end":{"line":149,"column":13}},"149":{"start":{"line":150,"column":0},"end":{"line":150,"column":14}},"150":{"start":{"line":151,"column":0},"end":{"line":151,"column":130}},"151":{"start":{"line":152,"column":0},"end":{"line":152,"column":4}},"152":{"start":{"line":153,"column":0},"end":{"line":153,"column":1}},"158":{"start":{"line":159,"column":0},"end":{"line":159,"column":72}},"159":{"start":{"line":160,"column":0},"end":{"line":160,"column":20}},"160":{"start":{"line":161,"column":0},"end":{"line":161,"column":32}},"161":{"start":{"line":162,"column":0},"end":{"line":162,"column":27}},"162":{"start":{"line":163,"column":0},"end":{"line":163,"column":30}},"163":{"start":{"line":164,"column":0},"end":{"line":164,"column":10}},"164":{"start":{"line":165,"column":0},"end":{"line":165,"column":41}},"165":{"start":{"line":166,"column":0},"end":{"line":166,"column":3}},"166":{"start":{"line":167,"column":0},"end":{"line":167,"column":1}},"171":{"start":{"line":172,"column":0},"end":{"line":172,"column":84}},"174":{"start":{"line":175,"column":0},"end":{"line":175,"column":3}},"175":{"start":{"line":176,"column":0},"end":{"line":176,"column":44}},"176":{"start":{"line":177,"column":0},"end":{"line":177,"column":12}},"177":{"start":{"line":178,"column":0},"end":{"line":178,"column":38}},"178":{"start":{"line":179,"column":0},"end":{"line":179,"column":76}},"179":{"start":{"line":180,"column":0},"end":{"line":180,"column":6}},"180":{"start":{"line":181,"column":0},"end":{"line":181,"column":50}},"181":{"start":{"line":182,"column":0},"end":{"line":182,"column":12}},"182":{"start":{"line":183,"column":0},"end":{"line":183,"column":38}},"183":{"start":{"line":184,"column":0},"end":{"line":184,"column":87}},"184":{"start":{"line":185,"column":0},"end":{"line":185,"column":6}},"185":{"start":{"line":186,"column":0},"end":{"line":186,"column":10}},"186":{"start":{"line":187,"column":0},"end":{"line":187,"column":12}},"187":{"start":{"line":188,"column":0},"end":{"line":188,"column":34}},"188":{"start":{"line":189,"column":0},"end":{"line":189,"column":82}},"189":{"start":{"line":190,"column":0},"end":{"line":190,"column":6}},"190":{"start":{"line":191,"column":0},"end":{"line":191,"column":3}},"191":{"start":{"line":192,"column":0},"end":{"line":192,"column":1}}},"s":{"49":1,"50":8,"51":8,"52":8,"53":8,"54":8,"55":8,"56":8,"57":8,"58":8,"61":8,"62":2,"63":2,"64":2,"65":8,"66":1,"67":1,"68":1,"69":6,"70":5,"71":5,"72":0,"73":0,"74":0,"75":0,"78":8,"79":2,"80":2,"81":2,"82":8,"83":1,"84":1,"85":1,"86":6,"87":5,"88":5,"91":8,"92":2,"93":2,"94":2,"95":8,"96":1,"97":1,"98":6,"99":5,"100":5,"103":8,"104":2,"105":2,"106":2,"107":8,"108":1,"109":1,"110":1,"111":6,"112":0,"113":0,"114":0,"115":5,"116":5,"117":5,"120":8,"121":2,"122":2,"123":2,"124":8,"125":1,"126":1,"127":6,"128":5,"129":5,"132":8,"135":8,"136":8,"137":5,"138":8,"139":2,"140":2,"141":3,"142":1,"143":1,"144":1,"146":8,"147":8,"148":8,"149":8,"150":8,"151":8,"152":8,"158":1,"159":6,"160":2,"161":6,"162":2,"163":2,"164":2,"165":2,"166":6,"171":1,"174":5,"175":5,"176":1,"177":1,"178":1,"179":1,"180":5,"181":1,"182":1,"183":1,"184":1,"185":4,"186":3,"187":3,"188":3,"189":3,"190":3,"191":5},"branchMap":{"0":{"type":"branch","line":50,"loc":{"start":{"line":50,"column":7},"end":{"line":153,"column":1}},"locations":[{"start":{"line":50,"column":7},"end":{"line":153,"column":1}}]},"1":{"type":"branch","line":62,"loc":{"start":{"line":62,"column":29},"end":{"line":66,"column":13}},"locations":[{"start":{"line":62,"column":29},"end":{"line":66,"column":13}}]},"2":{"type":"branch","line":66,"loc":{"start":{"line":66,"column":2},"end":{"line":76,"column":3}},"locations":[{"start":{"line":66,"column":2},"end":{"line":76,"column":3}}]},"3":{"type":"branch","line":66,"loc":{"start":{"line":66,"column":36},"end":{"line":70,"column":13}},"locations":[{"start":{"line":66,"column":36},"end":{"line":70,"column":13}}]},"4":{"type":"branch","line":70,"loc":{"start":{"line":70,"column":2},"end":{"line":76,"column":3}},"locations":[{"start":{"line":70,"column":2},"end":{"line":76,"column":3}}]},"5":{"type":"branch","line":72,"loc":{"start":{"line":72,"column":2},"end":{"line":76,"column":3}},"locations":[{"start":{"line":72,"column":2},"end":{"line":76,"column":3}}]},"6":{"type":"branch","line":79,"loc":{"start":{"line":79,"column":26},"end":{"line":83,"column":13}},"locations":[{"start":{"line":79,"column":26},"end":{"line":83,"column":13}}]},"7":{"type":"branch","line":83,"loc":{"start":{"line":83,"column":2},"end":{"line":89,"column":3}},"locations":[{"start":{"line":83,"column":2},"end":{"line":89,"column":3}}]},"8":{"type":"branch","line":83,"loc":{"start":{"line":83,"column":33},"end":{"line":87,"column":9}},"locations":[{"start":{"line":83,"column":33},"end":{"line":87,"column":9}}]},"9":{"type":"branch","line":87,"loc":{"start":{"line":87,"column":2},"end":{"line":89,"column":3}},"locations":[{"start":{"line":87,"column":2},"end":{"line":89,"column":3}}]},"10":{"type":"branch","line":92,"loc":{"start":{"line":92,"column":29},"end":{"line":96,"column":13}},"locations":[{"start":{"line":92,"column":29},"end":{"line":96,"column":13}}]},"11":{"type":"branch","line":96,"loc":{"start":{"line":96,"column":2},"end":{"line":101,"column":3}},"locations":[{"start":{"line":96,"column":2},"end":{"line":101,"column":3}}]},"12":{"type":"branch","line":96,"loc":{"start":{"line":96,"column":36},"end":{"line":99,"column":9}},"locations":[{"start":{"line":96,"column":36},"end":{"line":99,"column":9}}]},"13":{"type":"branch","line":99,"loc":{"start":{"line":99,"column":2},"end":{"line":101,"column":3}},"locations":[{"start":{"line":99,"column":2},"end":{"line":101,"column":3}}]},"14":{"type":"branch","line":104,"loc":{"start":{"line":104,"column":31},"end":{"line":108,"column":13}},"locations":[{"start":{"line":104,"column":31},"end":{"line":108,"column":13}}]},"15":{"type":"branch","line":108,"loc":{"start":{"line":108,"column":2},"end":{"line":118,"column":3}},"locations":[{"start":{"line":108,"column":2},"end":{"line":118,"column":3}}]},"16":{"type":"branch","line":108,"loc":{"start":{"line":108,"column":38},"end":{"line":112,"column":13}},"locations":[{"start":{"line":108,"column":38},"end":{"line":112,"column":13}}]},"17":{"type":"branch","line":112,"loc":{"start":{"line":112,"column":2},"end":{"line":118,"column":3}},"locations":[{"start":{"line":112,"column":2},"end":{"line":118,"column":3}}]},"18":{"type":"branch","line":112,"loc":{"start":{"line":112,"column":37},"end":{"line":116,"column":9}},"locations":[{"start":{"line":112,"column":37},"end":{"line":116,"column":9}}]},"19":{"type":"branch","line":121,"loc":{"start":{"line":121,"column":29},"end":{"line":125,"column":13}},"locations":[{"start":{"line":121,"column":29},"end":{"line":125,"column":13}}]},"20":{"type":"branch","line":125,"loc":{"start":{"line":125,"column":2},"end":{"line":130,"column":3}},"locations":[{"start":{"line":125,"column":2},"end":{"line":130,"column":3}}]},"21":{"type":"branch","line":125,"loc":{"start":{"line":125,"column":36},"end":{"line":128,"column":9}},"locations":[{"start":{"line":125,"column":36},"end":{"line":128,"column":9}}]},"22":{"type":"branch","line":128,"loc":{"start":{"line":128,"column":2},"end":{"line":130,"column":3}},"locations":[{"start":{"line":128,"column":2},"end":{"line":130,"column":3}}]},"23":{"type":"branch","line":137,"loc":{"start":{"line":137,"column":19},"end":{"line":139,"column":13}},"locations":[{"start":{"line":137,"column":19},"end":{"line":139,"column":13}}]},"24":{"type":"branch","line":139,"loc":{"start":{"line":139,"column":2},"end":{"line":145,"column":3}},"locations":[{"start":{"line":139,"column":2},"end":{"line":145,"column":3}}]},"25":{"type":"branch","line":139,"loc":{"start":{"line":139,"column":26},"end":{"line":142,"column":9}},"locations":[{"start":{"line":139,"column":26},"end":{"line":142,"column":9}}]},"26":{"type":"branch","line":142,"loc":{"start":{"line":142,"column":2},"end":{"line":145,"column":3}},"locations":[{"start":{"line":142,"column":2},"end":{"line":145,"column":3}}]},"27":{"type":"branch","line":151,"loc":{"start":{"line":151,"column":46},"end":{"line":151,"column":68}},"locations":[{"start":{"line":151,"column":46},"end":{"line":151,"column":68}}]},"28":{"type":"branch","line":151,"loc":{"start":{"line":151,"column":50},"end":{"line":151,"column":130}},"locations":[{"start":{"line":151,"column":50},"end":{"line":151,"column":130}}]},"29":{"type":"branch","line":159,"loc":{"start":{"line":159,"column":7},"end":{"line":167,"column":1}},"locations":[{"start":{"line":159,"column":7},"end":{"line":167,"column":1}}]},"30":{"type":"branch","line":160,"loc":{"start":{"line":160,"column":19},"end":{"line":162,"column":13}},"locations":[{"start":{"line":160,"column":19},"end":{"line":162,"column":13}}]},"31":{"type":"branch","line":162,"loc":{"start":{"line":162,"column":2},"end":{"line":166,"column":3}},"locations":[{"start":{"line":162,"column":2},"end":{"line":166,"column":3}}]},"32":{"type":"branch","line":162,"loc":{"start":{"line":162,"column":26},"end":{"line":166,"column":3}},"locations":[{"start":{"line":162,"column":26},"end":{"line":166,"column":3}}]},"33":{"type":"branch","line":172,"loc":{"start":{"line":172,"column":7},"end":{"line":192,"column":1}},"locations":[{"start":{"line":172,"column":7},"end":{"line":192,"column":1}}]},"34":{"type":"branch","line":176,"loc":{"start":{"line":176,"column":15},"end":{"line":176,"column":43}},"locations":[{"start":{"line":176,"column":15},"end":{"line":176,"column":43}}]},"35":{"type":"branch","line":176,"loc":{"start":{"line":176,"column":43},"end":{"line":181,"column":13}},"locations":[{"start":{"line":176,"column":43},"end":{"line":181,"column":13}}]},"36":{"type":"branch","line":181,"loc":{"start":{"line":181,"column":2},"end":{"line":191,"column":3}},"locations":[{"start":{"line":181,"column":2},"end":{"line":191,"column":3}}]},"37":{"type":"branch","line":181,"loc":{"start":{"line":181,"column":21},"end":{"line":181,"column":49}},"locations":[{"start":{"line":181,"column":21},"end":{"line":181,"column":49}}]},"38":{"type":"branch","line":181,"loc":{"start":{"line":181,"column":49},"end":{"line":186,"column":9}},"locations":[{"start":{"line":181,"column":49},"end":{"line":186,"column":9}}]},"39":{"type":"branch","line":186,"loc":{"start":{"line":186,"column":2},"end":{"line":191,"column":3}},"locations":[{"start":{"line":186,"column":2},"end":{"line":191,"column":3}}]}},"b":{"0":[8],"1":[2],"2":[6],"3":[1],"4":[5],"5":[0],"6":[2],"7":[6],"8":[1],"9":[5],"10":[2],"11":[6],"12":[1],"13":[5],"14":[2],"15":[6],"16":[1],"17":[5],"18":[0],"19":[2],"20":[6],"21":[1],"22":[5],"23":[5],"24":[3],"25":[2],"26":[1],"27":[7],"28":[1],"29":[6],"30":[2],"31":[4],"32":[2],"33":[5],"34":[2],"35":[1],"36":[4],"37":[2],"38":[1],"39":[3]},"fnMap":{"0":{"name":"calculateRecoveryScore","decl":{"start":{"line":50,"column":7},"end":{"line":153,"column":1}},"loc":{"start":{"line":50,"column":7},"end":{"line":153,"column":1}},"line":50},"1":{"name":"getVolumeMultiplierFromRecovery","decl":{"start":{"line":159,"column":7},"end":{"line":167,"column":1}},"loc":{"start":{"line":159,"column":7},"end":{"line":167,"column":1}},"line":159},"2":{"name":"suggestTrainingFrequency","decl":{"start":{"line":172,"column":7},"end":{"line":192,"column":1}},"loc":{"start":{"line":172,"column":7},"end":{"line":192,"column":1}},"line":172}},"f":{"0":8,"1":6,"2":5}}
,"/workspaces/dream-android-app/src/lib/warmupGenerator.ts": {"path":"/workspaces/dream-android-app/src/lib/warmupGenerator.ts","all":false,"statementMap":{"6":{"start":{"line":7,"column":0},"end":{"line":7,"column":95}},"7":{"start":{"line":8,"column":0},"end":{"line":8,"column":40}},"8":{"start":{"line":9,"column":0},"end":{"line":9,"column":14}},"9":{"start":{"line":10,"column":0},"end":{"line":10,"column":3}},"11":{"start":{"line":12,"column":0},"end":{"line":12,"column":32}},"12":{"start":{"line":13,"column":0},"end":{"line":13,"column":84}},"13":{"start":{"line":14,"column":0},"end":{"line":14,"column":86}},"14":{"start":{"line":15,"column":0},"end":{"line":15,"column":86}},"15":{"start":{"line":16,"column":0},"end":{"line":16,"column":4}},"17":{"start":{"line":18,"column":0},"end":{"line":18,"column":17}},"18":{"start":{"line":19,"column":0},"end":{"line":19,"column":1}},"23":{"start":{"line":24,"column":0},"end":{"line":24,"column":67}},"24":{"start":{"line":25,"column":0},"end":{"line":25,"column":28}},"25":{"start":{"line":26,"column":0},"end":{"line":26,"column":12}},"26":{"start":{"line":27,"column":0},"end":{"line":27,"column":15}},"27":{"start":{"line":28,"column":0},"end":{"line":28,"column":12}},"28":{"start":{"line":29,"column":0},"end":{"line":29,"column":12}},"29":{"start":{"line":30,"column":0},"end":{"line":30,"column":10}},"30":{"start":{"line":31,"column":0},"end":{"line":31,"column":14}},"31":{"start":{"line":32,"column":0},"end":{"line":32,"column":14}},"32":{"start":{"line":33,"column":0},"end":{"line":33,"column":10}},"33":{"start":{"line":34,"column":0},"end":{"line":34,"column":12}},"34":{"start":{"line":35,"column":0},"end":{"line":35,"column":17}},"35":{"start":{"line":36,"column":0},"end":{"line":36,"column":18}},"36":{"start":{"line":37,"column":0},"end":{"line":37,"column":12}},"37":{"start":{"line":38,"column":0},"end":{"line":38,"column":11}},"38":{"start":{"line":39,"column":0},"end":{"line":39,"column":15}},"39":{"start":{"line":40,"column":0},"end":{"line":40,"column":4}},"41":{"start":{"line":42,"column":0},"end":{"line":42,"column":47}},"42":{"start":{"line":43,"column":0},"end":{"line":43,"column":71}},"43":{"start":{"line":44,"column":0},"end":{"line":44,"column":1}}},"s":{"6":1,"7":6,"8":2,"9":2,"11":4,"12":4,"13":4,"14":4,"15":4,"17":4,"18":4,"23":1,"24":21,"25":21,"26":21,"27":21,"28":21,"29":21,"30":21,"31":21,"32":21,"33":21,"34":21,"35":21,"36":21,"37":21,"38":21,"39":21,"41":21,"42":21,"43":21},"branchMap":{"0":{"type":"branch","line":7,"loc":{"start":{"line":7,"column":7},"end":{"line":19,"column":1}},"locations":[{"start":{"line":7,"column":7},"end":{"line":19,"column":1}}]},"1":{"type":"branch","line":8,"loc":{"start":{"line":8,"column":7},"end":{"line":8,"column":39}},"locations":[{"start":{"line":8,"column":7},"end":{"line":8,"column":39}}]},"2":{"type":"branch","line":8,"loc":{"start":{"line":8,"column":39},"end":{"line":10,"column":3}},"locations":[{"start":{"line":8,"column":39},"end":{"line":10,"column":3}}]},"3":{"type":"branch","line":10,"loc":{"start":{"line":10,"column":2},"end":{"line":19,"column":1}},"locations":[{"start":{"line":10,"column":2},"end":{"line":19,"column":1}}]},"4":{"type":"branch","line":24,"loc":{"start":{"line":24,"column":7},"end":{"line":44,"column":1}},"locations":[{"start":{"line":24,"column":7},"end":{"line":44,"column":1}}]},"5":{"type":"branch","line":43,"loc":{"start":{"line":43,"column":31},"end":{"line":43,"column":69}},"locations":[{"start":{"line":43,"column":31},"end":{"line":43,"column":69}}]}},"b":{"0":[6],"1":[5],"2":[2],"3":[4],"4":[21],"5":[114]},"fnMap":{"0":{"name":"generateWarmups","decl":{"start":{"line":7,"column":7},"end":{"line":19,"column":1}},"loc":{"start":{"line":7,"column":7},"end":{"line":19,"column":1}},"line":7},"1":{"name":"isCompoundExercise","decl":{"start":{"line":24,"column":7},"end":{"line":44,"column":1}},"loc":{"start":{"line":24,"column":7},"end":{"line":44,"column":1}},"line":24}},"f":{"0":6,"1":21}}
}
